Our express server is up on port 3000
Our express server is up on port 3000
Our express server is up on port 3000
Our express server is up on port 3000
Gtk-Message: 14:40:16.020: Not loading module "atk-bridge": The functionality is provided by GTK natively. Please try to not load it.
Gtk-Message: 14:41:20.039: Not loading module "atk-bridge": The functionality is provided by GTK natively. Please try to not load it.
Our express server is up on port 3000
Our express server is up on port 3000
Our express server is up on port 3000
node:events:497
      throw er; // Unhandled 'error' event
      ^

Error: listen EADDRINUSE: address already in use :::3000
    at Server.setupListenHandle [as _listen2] (node:net:1893:16)
    at listenInCluster (node:net:1941:12)
    at Server.listen (node:net:2029:7)
    at Function.listen (/home/sandeep/beexamples/apis-nodejs/apis-nodejs/node_modules/express/lib/application.js:635:24)
    at Object.<anonymous> (/home/sandeep/beexamples/apis-nodejs/apis-nodejs/index.js:56:5)
    at Module._compile (node:internal/modules/cjs/loader:1378:14)
    at Module._extensions..js (node:internal/modules/cjs/loader:1437:10)
    at Module.load (node:internal/modules/cjs/loader:1212:32)
    at Module._load (node:internal/modules/cjs/loader:1028:12)
    at Function.executeUserEntryPoint [as runMain] (node:internal/modules/run_main:142:12)
Emitted 'error' event on Server instance at:
    at emitErrorNT (node:net:1920:8)
    at process.processTicksAndRejections (node:internal/process/task_queues:82:21) {
  code: 'EADDRINUSE',
  errno: -98,
  syscall: 'listen',
  address: '::',
  port: 3000
}

Node.js v21.6.2
